2026-04-29 21:00:25 error: Error: write EIO
    at afterWriteDispatched (node:internal/stream_base_commons:159:15)
    at writeGeneric (node:internal/stream_base_commons:150:3)
    at Socket._writeGeneric (node:net:966:11)
    at Socket._write (node:net:978:8)
    at writeOrBuffer (node:internal/streams/writable:572:12)
    at _write (node:internal/streams/writable:501:10)
    at Writable.write (node:internal/streams/writable:510:10)
    at Console.log (/Users/mahedi/Desktop/MERN/techzo/backend/node_modules/winston/lib/winston/transports/console.js:87:23)
    at Console._write (/Users/mahedi/Desktop/MERN/techzo/backend/node_modules/winston-transport/modern.js:103:17)
    at doWrite (/Users/mahedi/Desktop/MERN/techzo/backend/node_modules/readable-stream/lib/_stream_writable.js:390:139)
2026-05-04 00:40:23 error: Error: Connection terminated unexpectedly
    at /Users/mahedi/Desktop/MERN/techzo/backend/node_modules/pg-pool/index.js:45:11
    at process.processTicksAndRejections (node:internal/process/task_queues:105:5)
    at async PrismaPgAdapter.performIO (file:///Users/mahedi/Desktop/MERN/techzo/backend/node_modules/@prisma/adapter-pg/dist/index.mjs:618:22)
    at async PrismaPgAdapter.queryRaw (file:///Users/mahedi/Desktop/MERN/techzo/backend/node_modules/@prisma/adapter-pg/dist/index.mjs:568:30)
    at async o (/Users/mahedi/Desktop/MERN/techzo/backend/node_modules/@prisma/client-engine-runtime/src/tracing.ts:66:26)
    at async e.interpretNode (/Users/mahedi/Desktop/MERN/techzo/backend/node_modules/@prisma/client-engine-runtime/src/interpreter/query-interpreter.ts:186:26)
    at async e.interpretNode (/Users/mahedi/Desktop/MERN/techzo/backend/node_modules/@prisma/client-engine-runtime/src/interpreter/query-interpreter.ts:272:41)
    at async e.run (/Users/mahedi/Desktop/MERN/techzo/backend/node_modules/@prisma/client-engine-runtime/src/interpreter/query-interpreter.ts:94:23)
    at async e.execute (/Users/mahedi/Desktop/MERN/techzo/backend/node_modules/@prisma/client/src/runtime/core/engines/client/LocalExecutor.ts:81:12)
    at async jt.request (/Users/mahedi/Desktop/MERN/techzo/backend/node_modules/@prisma/client/src/runtime/core/engines/client/ClientEngine.ts:504:22)
